[07-05-22 12:03:24 | Arc_functions.py   soe_read_data(), line 993] INFO: 'itf' data read started
[07-05-22 12:03:24 | Arc_functions.py   soe_read_data(), line 994] INFO: Data from 5/5/2022 selected
[07-05-22 12:03:24 | Arc_functions.py   soe_read_data(), line 1005] DEBUG: Parameters:
																			day=5
																			month=5
																			year=2022
																			quantity=ITF
																			num_d=1
																			tevo=True
																			file_start=841
																			file_stop=846
																			verbose=False
[07-05-22 12:03:24 | Arc_functions.py   soe_read_data(), line 1012] DEBUG: Column index=1
[07-05-22 12:03:24 | Arc_functions.py   soe_read_data(), line 1025] INFO: Number of .lvm found: 6
[07-05-22 12:03:24 | Arc_functions.py   soe_read_data(), line 1030] INFO: Number of .lvm selected: 2
[07-05-22 12:03:24 | Arc_functions.py   soe_read_data(), line 1109] INFO: 'itf' data read successfully completed
[07-05-22 12:03:24 | Arc_functions.py   soe_read_data(), line 993] INFO: 'pick off' data read started
[07-05-22 12:03:24 | Arc_functions.py   soe_read_data(), line 994] INFO: Data from 5/5/2022 selected
[07-05-22 12:03:24 | Arc_functions.py   soe_read_data(), line 1005] DEBUG: Parameters:
																			day=5
																			month=5
																			year=2022
																			quantity=Pick Off
																			num_d=1
																			tevo=False
																			file_start=841
																			file_stop=846
																			verbose=False
[07-05-22 12:03:24 | Arc_functions.py   soe_read_data(), line 1012] DEBUG: Column index=2
[07-05-22 12:03:24 | Arc_functions.py   soe_read_data(), line 1025] INFO: Number of .lvm found: 6
[07-05-22 12:03:24 | Arc_functions.py   soe_read_data(), line 1030] INFO: Number of .lvm selected: 2
[07-05-22 12:03:24 | Arc_functions.py   soe_read_data(), line 1109] INFO: 'pick off' data read successfully completed
[07-05-22 12:03:24 | Arc_functions.py   soe_read_data(), line 1110] WARNING: The time array is empty!
[07-05-22 12:03:24 | Arc_functions.py   soe_read_data(), line 993] INFO: 'itf' data read started
[07-05-22 12:03:24 | Arc_functions.py   soe_read_data(), line 994] INFO: Data from 6/5/2022 selected
[07-05-22 12:03:24 | Arc_functions.py   soe_read_data(), line 1005] DEBUG: Parameters:
																			day=6
																			month=5
																			year=2022
																			quantity=ITF
																			num_d=1
																			tevo=True
																			file_start=116
																			file_stop=116
																			verbose=False
[07-05-22 12:03:24 | Arc_functions.py   soe_read_data(), line 1012] DEBUG: Column index=1
[07-05-22 12:03:24 | Arc_functions.py   soe_read_data(), line 1025] INFO: Number of .lvm found: 12
[07-05-22 12:03:24 | Arc_functions.py   soe_read_data(), line 1030] INFO: Number of .lvm selected: 1
[07-05-22 12:03:25 | Arc_functions.py   soe_read_data(), line 1109] INFO: 'itf' data read successfully completed
[07-05-22 12:03:25 | Arc_functions.py   soe_read_data(), line 993] INFO: 'pick off' data read started
[07-05-22 12:03:25 | Arc_functions.py   soe_read_data(), line 994] INFO: Data from 6/5/2022 selected
[07-05-22 12:03:25 | Arc_functions.py   soe_read_data(), line 1005] DEBUG: Parameters:
																			day=6
																			month=5
																			year=2022
																			quantity=Pick Off
																			num_d=1
																			tevo=False
																			file_start=116
																			file_stop=116
																			verbose=False
[07-05-22 12:03:25 | Arc_functions.py   soe_read_data(), line 1012] DEBUG: Column index=2
[07-05-22 12:03:25 | Arc_functions.py   soe_read_data(), line 1025] INFO: Number of .lvm found: 12
[07-05-22 12:03:25 | Arc_functions.py   soe_read_data(), line 1030] INFO: Number of .lvm selected: 1
[07-05-22 12:03:25 | Arc_functions.py   soe_read_data(), line 1109] INFO: 'pick off' data read successfully completed
[07-05-22 12:03:25 | Arc_functions.py   soe_read_data(), line 1110] WARNING: The time array is empty!
[07-05-22 12:03:25 | Arc_functions.py   soe_read_data(), line 993] INFO: 'itf' data read started
[07-05-22 12:03:25 | Arc_functions.py   soe_read_data(), line 994] INFO: Data from 6/5/2022 selected
[07-05-22 12:03:25 | Arc_functions.py   soe_read_data(), line 1005] DEBUG: Parameters:
																			day=6
																			month=5
																			year=2022
																			quantity=ITF
																			num_d=1
																			tevo=True
																			file_start=823
																			file_stop=823
																			verbose=False
[07-05-22 12:03:25 | Arc_functions.py   soe_read_data(), line 1012] DEBUG: Column index=1
[07-05-22 12:03:25 | Arc_functions.py   soe_read_data(), line 1025] INFO: Number of .lvm found: 12
[07-05-22 12:03:25 | Arc_functions.py   soe_read_data(), line 1030] INFO: Number of .lvm selected: 1
[07-05-22 12:03:25 | Arc_functions.py   soe_read_data(), line 1109] INFO: 'itf' data read successfully completed
[07-05-22 12:03:25 | Arc_functions.py   soe_read_data(), line 993] INFO: 'pick off' data read started
[07-05-22 12:03:25 | Arc_functions.py   soe_read_data(), line 994] INFO: Data from 6/5/2022 selected
[07-05-22 12:03:25 | Arc_functions.py   soe_read_data(), line 1005] DEBUG: Parameters:
																			day=6
																			month=5
																			year=2022
																			quantity=Pick Off
																			num_d=1
																			tevo=False
																			file_start=823
																			file_stop=823
																			verbose=False
[07-05-22 12:03:25 | Arc_functions.py   soe_read_data(), line 1012] DEBUG: Column index=2
[07-05-22 12:03:25 | Arc_functions.py   soe_read_data(), line 1025] INFO: Number of .lvm found: 12
[07-05-22 12:03:25 | Arc_functions.py   soe_read_data(), line 1030] INFO: Number of .lvm selected: 1
[07-05-22 12:03:25 | Arc_functions.py   soe_read_data(), line 1109] INFO: 'pick off' data read successfully completed
[07-05-22 12:03:25 | Arc_functions.py   soe_read_data(), line 1110] WARNING: The time array is empty!
[07-05-22 12:03:25 | Arc_functions.py   soe_read_data(), line 993] INFO: 'itf' data read started
[07-05-22 12:03:25 | Arc_functions.py   soe_read_data(), line 994] INFO: Data from 6/5/2022 selected
[07-05-22 12:03:25 | Arc_functions.py   soe_read_data(), line 1005] DEBUG: Parameters:
																			day=6
																			month=5
																			year=2022
																			quantity=ITF
																			num_d=1
																			tevo=True
																			file_start=901
																			file_stop=901
																			verbose=False
[07-05-22 12:03:25 | Arc_functions.py   soe_read_data(), line 1012] DEBUG: Column index=1
[07-05-22 12:03:25 | Arc_functions.py   soe_read_data(), line 1025] INFO: Number of .lvm found: 12
[07-05-22 12:03:25 | Arc_functions.py   soe_read_data(), line 1030] INFO: Number of .lvm selected: 1
[07-05-22 12:03:25 | Arc_functions.py   soe_read_data(), line 1109] INFO: 'itf' data read successfully completed
[07-05-22 12:03:25 | Arc_functions.py   soe_read_data(), line 993] INFO: 'pick off' data read started
[07-05-22 12:03:25 | Arc_functions.py   soe_read_data(), line 994] INFO: Data from 6/5/2022 selected
[07-05-22 12:03:25 | Arc_functions.py   soe_read_data(), line 1005] DEBUG: Parameters:
																			day=6
																			month=5
																			year=2022
																			quantity=Pick Off
																			num_d=1
																			tevo=False
																			file_start=901
																			file_stop=901
																			verbose=False
[07-05-22 12:03:25 | Arc_functions.py   soe_read_data(), line 1012] DEBUG: Column index=2
[07-05-22 12:03:25 | Arc_functions.py   soe_read_data(), line 1025] INFO: Number of .lvm found: 12
[07-05-22 12:03:25 | Arc_functions.py   soe_read_data(), line 1030] INFO: Number of .lvm selected: 1
[07-05-22 12:03:26 | Arc_functions.py   soe_read_data(), line 1109] INFO: 'pick off' data read successfully completed
[07-05-22 12:03:26 | Arc_functions.py   soe_read_data(), line 1110] WARNING: The time array is empty!
